Error: queryA EREFUSED mail.sujon.oneSat Oct 01 2022 11:02:53 GMT+0600 (Bangladesh Standard Time)
Error: User Already RegisterSat Oct 01 2022 11:27:37 GMT+0600 (Bangladesh Standard Time)
Error: User Not foundSat Oct 01 2022 11:31:03 GMT+0600 (Bangladesh Standard Time)
ValidationError: UserName: Path `UserName` is required., FullName: Path `FullName` is required.Sat Oct 01 2022 11:36:02 GMT+0600 (Bangladesh Standard Time)
Error: User Already RegisterSat Oct 01 2022 11:38:36 GMT+0600 (Bangladesh Standard Time)
Error: User Already RegisterSat Oct 01 2022 11:38:46 GMT+0600 (Bangladesh Standard Time)
Error: User Already RegisterSat Oct 01 2022 11:45:45 GMT+0600 (Bangladesh Standard Time)
Error: User Already RegisterSat Oct 01 2022 11:45:55 GMT+0600 (Bangladesh Standard Time)
Error: User Already RegisterSat Oct 01 2022 11:45:57 GMT+0600 (Bangladesh Standard Time)
MongoServerError: E11000 duplicate key error collection: resume.users index: Phone_1 dup key: { Phone: "8801772703036" }Sat Oct 01 2022 11:46:16 GMT+0600 (Bangladesh Standard Time)
MongoServerError: E11000 duplicate key error collection: resume.users index: Phone_1 dup key: { Phone: "8801772703036" }Sat Oct 01 2022 11:46:20 GMT+0600 (Bangladesh Standard Time)
MongoServerError: E11000 duplicate key error collection: resume.users index: Phone_1 dup key: { Phone: "8801772703036" }Sat Oct 01 2022 11:47:38 GMT+0600 (Bangladesh Standard Time)
Error: User Already RegisterSat Oct 01 2022 11:47:49 GMT+0600 (Bangladesh Standard Time)
Error: queryA EREFUSED mail.sujon.oneSat Oct 01 2022 12:07:43 GMT+0600 (Bangladesh Standard Time)
Error: User Not foundSat Oct 01 2022 12:20:06 GMT+0600 (Bangladesh Standard Time)
ReferenceError: Email is not definedSat Oct 01 2022 12:24:28 GMT+0600 (Bangladesh Standard Time)
Error: User Not foundSat Oct 01 2022 12:25:14 GMT+0600 (Bangladesh Standard Time)
Error: User Not foundSat Oct 01 2022 12:28:03 GMT+0600 (Bangladesh Standard Time)
Error: User Not foundSat Oct 01 2022 12:28:06 GMT+0600 (Bangladesh Standard Time)
Error: User Not foundSat Oct 01 2022 12:28:06 GMT+0600 (Bangladesh Standard Time)
Error: User Not foundSat Oct 01 2022 12:28:06 GMT+0600 (Bangladesh Standard Time)
Error: User Not foundSat Oct 01 2022 12:28:06 GMT+0600 (Bangladesh Standard Time)
Error: User Not foundSat Oct 01 2022 12:28:06 GMT+0600 (Bangladesh Standard Time)
Error: Unauthorized CredentialsSat Oct 01 2022 12:28:18 GMT+0600 (Bangladesh Standard Time)
Error: queryA EREFUSED mail.sujon.oneSat Oct 01 2022 12:32:49 GMT+0600 (Bangladesh Standard Time)
Error: queryA EREFUSED mail.sujon.oneSat Oct 01 2022 12:34:59 GMT+0600 (Bangladesh Standard Time)
Error: queryA EREFUSED mail.sujon.oneSat Oct 01 2022 12:42:34 GMT+0600 (Bangladesh Standard Time)
Error: queryA EREFUSED mail.sujon.oneSat Oct 01 2022 12:43:53 GMT+0600 (Bangladesh Standard Time)
Error: queryA EREFUSED mail.sujon.oneSat Oct 01 2022 12:45:02 GMT+0600 (Bangladesh Standard Time)
Error: queryA EREFUSED mail.sujon.oneSat Oct 01 2022 12:47:02 GMT+0600 (Bangladesh Standard Time)
Error: queryA EREFUSED mail.sujon.oneSat Oct 01 2022 12:47:09 GMT+0600 (Bangladesh Standard Time)
Error: queryA EREFUSED mail.sujon.oneSat Oct 01 2022 12:47:18 GMT+0600 (Bangladesh Standard Time)
Error: queryA EREFUSED mail.sujon.oneSat Oct 01 2022 13:50:11 GMT+0600 (Bangladesh Standard Time)
Error: queryA EREFUSED smtp.gmail.comSat Oct 01 2022 13:53:10 GMT+0600 (Bangladesh Standard Time)
Error: queryA EREFUSED smtp.gmail.comSat Oct 01 2022 13:53:20 GMT+0600 (Bangladesh Standard Time)
Error: queryA EREFUSED smtp.gmail.comSat Oct 01 2022 13:54:04 GMT+0600 (Bangladesh Standard Time)
Error: queryA EREFUSED smtp.gmail.comSat Oct 01 2022 13:54:05 GMT+0600 (Bangladesh Standard Time)
Error: queryA EREFUSED mail.sujon.oneSat Oct 01 2022 13:54:17 GMT+0600 (Bangladesh Standard Time)
Error: Unauthorized CredentialsSat Oct 01 2022 13:56:07 GMT+0600 (Bangladesh Standard Time)
Error: queryA EREFUSED mail.sujon.oneSat Oct 01 2022 16:34:34 GMT+0600 (Bangladesh Standard Time)
Error: Unauthorized CredentialsSat Oct 01 2022 17:16:47 GMT+0600 (Bangladesh Standard Time)
Error: Unauthorized CredentialsSat Oct 01 2022 17:16:49 GMT+0600 (Bangladesh Standard Time)
Error: Your Requested Content was not found on this ServerSat Oct 01 2022 18:03:25 GMT+0600 (Bangladesh Standard Time)
Error: Your Requested Content was not found on this ServerSat Oct 01 2022 18:03:26 GMT+0600 (Bangladesh Standard Time)
Error: Your Requested Content was not found on this ServerSat Oct 01 2022 18:03:47 GMT+0600 (Bangladesh Standard Time)
Error: Your Requested Content was not found on this ServerSat Oct 01 2022 18:03:48 GMT+0600 (Bangladesh Standard Time)
Error: Your Requested Content was not found on this ServerSat Oct 01 2022 18:03:49 GMT+0600 (Bangladesh Standard Time)
Error: Your Requested Content was not found on this ServerSat Oct 01 2022 18:04:12 GMT+0600 (Bangladesh Standard Time)
Error: User Not foundSun Oct 02 2022 10:45:33 GMT+0600 (Bangladesh Standard Time)
Error: User Not foundSun Oct 02 2022 10:45:51 GMT+0600 (Bangladesh Standard Time)
Error: Unauthorized CredentialsSun Oct 02 2022 10:48:23 GMT+0600 (Bangladesh Standard Time)
Error: User Not foundTue Oct 04 2022 17:06:55 GMT+0600 (Bangladesh Standard Time)
Error: Invalid DataWed Oct 05 2022 10:40:57 GMT+0600 (Bangladesh Standard Time)
Error: Your Requested Content was not found on this ServerWed Oct 05 2022 11:34:30 GMT+0600 (Bangladesh Standard Time)
Error: Your Requested Content was not found on this ServerWed Oct 05 2022 11:34:30 GMT+0600 (Bangladesh Standard Time)
Error: Invalid DataWed Oct 05 2022 11:34:40 GMT+0600 (Bangladesh Standard Time)
ValidationError: BloodGroup: Path `BloodGroup` is required.Wed Oct 05 2022 11:37:15 GMT+0600 (Bangladesh Standard Time)
Error: User Not foundWed Oct 05 2022 11:38:18 GMT+0600 (Bangladesh Standard Time)
Error: Invalid DataWed Oct 05 2022 11:39:30 GMT+0600 (Bangladesh Standard Time)
Error: Unauthorized CredentialsWed Oct 05 2022 11:39:59 GMT+0600 (Bangladesh Standard Time)
Error: User Already RegisterWed Oct 05 2022 11:45:28 GMT+0600 (Bangladesh Standard Time)
Error: Unauthorized CredentialsWed Oct 05 2022 11:45:47 GMT+0600 (Bangladesh Standard Time)
Error: User Not foundThu Oct 06 2022 09:30:14 GMT+0600 (Bangladesh Standard Time)
Error: User Not foundThu Oct 06 2022 09:30:26 GMT+0600 (Bangladesh Standard Time)
Error: User Not foundThu Oct 06 2022 09:31:39 GMT+0600 (Bangladesh Standard Time)
Error: User Not foundThu Oct 06 2022 09:32:12 GMT+0600 (Bangladesh Standard Time)
Error: User Not foundThu Oct 06 2022 09:32:19 GMT+0600 (Bangladesh Standard Time)
Error: User Not foundThu Oct 06 2022 09:32:52 GMT+0600 (Bangladesh Standard Time)
Error: User Not foundThu Oct 06 2022 09:32:53 GMT+0600 (Bangladesh Standard Time)
Error: User Not Thu Oct 06 2022 09:33:12 GMT+0600 (Bangladesh Standard Time)
Error: User Not foundThu Oct 06 2022 09:33:32 GMT+0600 (Bangladesh Standard Time)
Error: User Not foundThu Oct 06 2022 09:33:45 GMT+0600 (Bangladesh Standard Time)
Error: User Not foundThu Oct 06 2022 09:34:31 GMT+0600 (Bangladesh Standard Time)
Error: User Already RegisterThu Oct 06 2022 09:37:04 GMT+0600 (Bangladesh Standard Time)
Error: Invalid DataThu Oct 06 2022 22:31:52 GMT+0600 (Bangladesh Standard Time)
Error: Invalid DataThu Oct 06 2022 22:31:59 GMT+0600 (Bangladesh Standard Time)
Error: Invalid DataThu Oct 06 2022 22:32:12 GMT+0600 (Bangladesh Standard Time)
Error: Invalid DataThu Oct 06 2022 22:32:13 GMT+0600 (Bangladesh Standard Time)
Error: User Already RegisterThu Oct 06 2022 22:32:29 GMT+0600 (Bangladesh Standard Time)
Error: Invalid DataThu Oct 06 2022 22:32:42 GMT+0600 (Bangladesh Standard Time)
Error: User Already RegisterThu Oct 06 2022 22:37:20 GMT+0600 (Bangladesh Standard Time)
Error: User Already RegisterThu Oct 06 2022 22:38:01 GMT+0600 (Bangladesh Standard Time)
Error: User Already RegisterThu Oct 06 2022 22:38:05 GMT+0600 (Bangladesh Standard Time)
Error: User Already RegisterThu Oct 06 2022 22:38:10 GMT+0600 (Bangladesh Standard Time)
Error: User Already RegisterThu Oct 06 2022 22:38:12 GMT+0600 (Bangladesh Standard Time)
Error: User Already RegisterThu Oct 06 2022 22:38:14 GMT+0600 (Bangladesh Standard Time)
Error: Your Requested Content was not found on this ServerThu Oct 06 2022 22:53:06 GMT+0600 (Bangladesh Standard Time)
Error: Your Requested Content was not found on this ServerThu Oct 06 2022 22:53:06 GMT+0600 (Bangladesh Standard Time)
Error: Your Requested Content was not found on this ServerThu Oct 06 2022 22:53:16 GMT+0600 (Bangladesh Standard Time)
ValidationError: Phone: Path `Phone` is required.Thu Oct 06 2022 22:57:44 GMT+0600 (Bangladesh Standard Time)
ValidationError: Phone: Path `Phone` is required.Thu Oct 06 2022 22:58:19 GMT+0600 (Bangladesh Standard Time)
ValidationError: Phone: Path `Phone` is required.Thu Oct 06 2022 22:58:24 GMT+0600 (Bangladesh Standard Time)
ValidationError: Phone: Invalid Phone Number: +234Thu Oct 06 2022 22:59:33 GMT+0600 (Bangladesh Standard Time)
ValidationError: Phone: Invalid Phone Number: +234Thu Oct 06 2022 22:59:38 GMT+0600 (Bangladesh Standard Time)
Error: User Already RegisterThu Oct 06 2022 23:01:15 GMT+0600 (Bangladesh Standard Time)
MongoServerError: E11000 duplicate key error collection: resume.users index: SecondaryMobile_1 dup key: { SecondaryMobile: null }Thu Oct 06 2022 23:01:49 GMT+0600 (Bangladesh Standard Time)
MongoServerError: E11000 duplicate key error collection: resume.users index: SecondaryMobile_1 dup key: { SecondaryMobile: null }Thu Oct 06 2022 23:01:55 GMT+0600 (Bangladesh Standard Time)
ValidationError: EmergencyContact: Invalid Phone Number: , AlternateEmail: Invalid Email Address: Thu Oct 06 2022 23:04:21 GMT+0600 (Bangladesh Standard Time)
ValidationError: EmergencyContact: Invalid Phone Number: , AlternateEmail: Invalid Email Address: Thu Oct 06 2022 23:04:28 GMT+0600 (Bangladesh Standard Time)
MongoServerError: E11000 duplicate key error collection: resume.users index: SecondaryMobile_1 dup key: { SecondaryMobile: null }Thu Oct 06 2022 23:05:37 GMT+0600 (Bangladesh Standard Time)
MongoServerError: E11000 duplicate key error collection: resume.users index: SecondaryMobile_1 dup key: { SecondaryMobile: null }Thu Oct 06 2022 23:05:41 GMT+0600 (Bangladesh Standard Time)
MongoServerError: E11000 duplicate key error collection: resume.users index: EmergencyContact_1 dup key: { EmergencyContact: null }Thu Oct 06 2022 23:06:02 GMT+0600 (Bangladesh Standard Time)
ValidationError: EmergencyContact: Invalid Phone Number: Thu Oct 06 2022 23:06:18 GMT+0600 (Bangladesh Standard Time)
MongoServerError: E11000 duplicate key error collection: resume.users index: AlternateEmail_1 dup key: { AlternateEmail: null }Thu Oct 06 2022 23:06:57 GMT+0600 (Bangladesh Standard Time)
MongoServerError: E11000 duplicate key error collection: resume.users index: AlternateEmail_1 dup key: { AlternateEmail: null }Thu Oct 06 2022 23:08:03 GMT+0600 (Bangladesh Standard Time)
MongoServerError: E11000 duplicate key error collection: resume0.users index: SecondaryMobile_1 dup key: { SecondaryMobile: "" }Thu Oct 06 2022 23:10:45 GMT+0600 (Bangladesh Standard Time)
MongoServerError: E11000 duplicate key error collection: resume0.users index: SecondaryMobile_1 dup key: { SecondaryMobile: "" }Thu Oct 06 2022 23:10:50 GMT+0600 (Bangladesh Standard Time)
MongoServerError: E11000 duplicate key error collection: resume0.users index: SecondaryMobile_1 dup key: { SecondaryMobile: "" }Thu Oct 06 2022 23:11:52 GMT+0600 (Bangladesh Standard Time)
MongoServerError: E11000 duplicate key error collection: resume0.users index: AlternateEmail_1 dup key: { AlternateEmail: null }Thu Oct 06 2022 23:14:20 GMT+0600 (Bangladesh Standard Time)
MongoServerError: E11000 duplicate key error collection: resume0.users index: EmergencyContact_1 dup key: { EmergencyContact: "" }Thu Oct 06 2022 23:16:22 GMT+0600 (Bangladesh Standard Time)
MongoServerError: E11000 duplicate key error collection: resume0.users index: SecondaryMobile_1 dup key: { SecondaryMobile: null }Thu Oct 06 2022 23:16:50 GMT+0600 (Bangladesh Standard Time)
MongoServerError: E11000 duplicate key error collection: resume0.users index: SecondaryMobile_1 dup key: { SecondaryMobile: null }Thu Oct 06 2022 23:17:50 GMT+0600 (Bangladesh Standard Time)
MongoServerError: E11000 duplicate key error collection: resume0.users index: EmergencyContact_1 dup key: { EmergencyContact: "" }Thu Oct 06 2022 23:18:10 GMT+0600 (Bangladesh Standard Time)
MongoServerError: E11000 duplicate key error collection: resume.users index: SecondaryMobile_1 dup key: { SecondaryMobile: "" }Thu Oct 06 2022 23:21:17 GMT+0600 (Bangladesh Standard Time)
MongoServerError: E11000 duplicate key error collection: resume.users index: SecondaryMobile_1 dup key: { SecondaryMobile: "" }Thu Oct 06 2022 23:21:24 GMT+0600 (Bangladesh Standard Time)
Error: User Already RegisterThu Oct 06 2022 23:22:18 GMT+0600 (Bangladesh Standard Time)
Error: User Already RegisterThu Oct 06 2022 23:24:22 GMT+0600 (Bangladesh Standard Time)
Error: User Already RegisterThu Oct 06 2022 23:24:24 GMT+0600 (Bangladesh Standard Time)
Error: User Not foundThu Oct 06 2022 23:24:41 GMT+0600 (Bangladesh Standard Time)
Error: User Not foundTue Oct 18 2022 11:14:54 GMT+0600 (Bangladesh Standard Time)
Error: All Field RequireTue Oct 18 2022 11:15:06 GMT+0600 (Bangladesh Standard Time)
Error: All Field RequireTue Oct 18 2022 11:16:13 GMT+0600 (Bangladesh Standard Time)
TypeError: Cannot convert undefined or null to objectTue Oct 18 2022 11:21:12 GMT+0600 (Bangladesh Standard Time)
Error: ENOENT: no such file or directory, stat 'C:\Users\Mahdi\Documents\GitHub\Resume-Builder-Web-Application\client\build\index.html'Tue Oct 18 2022 11:27:38 GMT+0600 (Bangladesh Standard Time)
Error: User Not foundTue Oct 18 2022 11:51:06 GMT+0600 (Bangladesh Standard Time)
Error: User Not foundTue Oct 18 2022 17:41:17 GMT+0600 (Bangladesh Standard Time)
Error: User Not foundTue Oct 18 2022 17:41:22 GMT+0600 (Bangladesh Standard Time)
Error: User Not foundTue Oct 18 2022 17:41:23 GMT+0600 (Bangladesh Standard Time)
Error: User Not foundTue Oct 18 2022 17:41:24 GMT+0600 (Bangladesh Standard Time)
Error: User Not foundTue Oct 18 2022 17:41:25 GMT+0600 (Bangladesh Standard Time)
Error: ENOENT: no such file or directory, stat 'C:\Users\Mahdi\Documents\GitHub\Resume-Builder-Web-Application\client\build\index.html'Wed Oct 19 2022 09:08:29 GMT+0600 (Bangladesh Standard Time)
Error: ENOENT: no such file or directory, stat 'C:\Users\Mahdi\Documents\GitHub\Resume-Builder-Web-Application\client\build\index.html'Wed Oct 19 2022 09:08:29 GMT+0600 (Bangladesh Standard Time)
Error: User Not foundWed Oct 19 2022 09:08:48 GMT+0600 (Bangladesh Standard Time)
Error: User Not foundWed Oct 19 2022 09:10:42 GMT+0600 (Bangladesh Standard Time)
Error: User Not foundWed Oct 19 2022 09:12:25 GMT+0600 (Bangladesh Standard Time)
CastError: Cast to string failed for value "[ 'ca', 'JavaScript' ]" (type Array) at path "Keywords"Wed Oct 19 2022 11:42:26 GMT+0600 (Bangladesh Standard Time)
Error: User Not foundWed Oct 19 2022 17:20:42 GMT+0600 (Bangladesh Standard Time)
Error: User Not foundWed Oct 19 2022 17:21:55 GMT+0600 (Bangladesh Standard Time)
Error: All Field RequireThu Oct 20 2022 15:57:43 GMT+0600 (Bangladesh Standard Time)
Error: All Field RequireThu Oct 20 2022 15:57:50 GMT+0600 (Bangladesh Standard Time)
Error: Unauthorized CredentialsThu Oct 20 2022 16:00:04 GMT+0600 (Bangladesh Standard Time)
